<?xml version="1.0" encoding="UTF-8"?>
<testng-results skipped="0" failed="0" ignored="0" total="1" passed="1">
  <reporter-output>
  </reporter-output>
  <suite name="Default suite" duration-ms="26624" started-at="2017-03-30T11:11:36Z" finished-at="2017-03-30T11:12:03Z">
    <groups>
    </groups>
    <test name="Default test" duration-ms="26624" started-at="2017-03-30T11:11:36Z" finished-at="2017-03-30T11:12:03Z">
      <class name="ClassesProject.VerifyValidLogin">
        <test-method status="PASS" signature="checkvaliduser()[pri:0, instance:ClassesProject.VerifyValidLogin@2669b199]" name="checkvaliduser" duration-ms="26608" started-at="2017-03-30T20:11:36Z" finished-at="2017-03-30T20:12:03Z">
          <reporter-output>
          </reporter-output>
        </test-method> <!-- checkvaliduser -->
      </class> <!-- ClassesProject.VerifyValidLogin -->
    </test> <!-- Default test -->
  </suite> <!-- Default suite -->
</testng-results>
